<?xml version="1.0" encoding="UTF-8"?>
<robot generator="Robot 4.1.3 (Python 3.8.1 on win32)" generated="20220124 20:32:58.959" rpa="false" schemaversion="2">
<suite id="s1" name="Test" source="C:\Users\ramon\Documents\QA\Projects\Front\Robot com Python\robot\test.robot">
<test id="s1-t1" name="Deve retornar mensagem de boas vindas">
<kw name="Welcome" library="app">
<var>${result}</var>
<arg>Rara</arg>
<msg timestamp="20220124 20:32:58.986" level="INFO">${result} = Olá Rara, Bem vindo ao Curso Básico de Robot Framework!</msg>
<status status="PASS" starttime="20220124 20:32:58.986" endtime="20220124 20:32:58.986"/>
</kw>
<kw name="Log To Console" library="BuiltIn">
<arg>${result}</arg>
<doc>Logs the given message to the console.</doc>
<status status="PASS" starttime="20220124 20:32:58.987" endtime="20220124 20:32:58.987"/>
</kw>
<kw name="Should Be Equal" library="BuiltIn">
<arg>${result}</arg>
<arg>Olá Rara, Bem vindo ao Curso Básico de Robot Framework!</arg>
<doc>Fails if the given objects are unequal.</doc>
<status status="PASS" starttime="20220124 20:32:58.987" endtime="20220124 20:32:58.988"/>
</kw>
<status status="PASS" starttime="20220124 20:32:58.986" endtime="20220124 20:32:58.988"/>
</test>
<status status="PASS" starttime="20220124 20:32:58.961" endtime="20220124 20:32:58.989"/>
</suite>
<statistics>
<total>
<stat pass="1" fail="0" skip="0">All Tests</stat>
</total>
<tag>
</tag>
<suite>
<stat pass="1" fail="0" skip="0" id="s1" name="Test">Test</stat>
</suite>
</statistics>
<errors>
</errors>
</robot>
