<?xml version="1.0" encoding="UTF-8"?>
<robot generator="Robot 4.1.3 (Python 3.8.1 on win32)" generated="20220125 08:22:20.646" rpa="false" schemaversion="2">
<suite id="s1" name="Checkbox" source="C:\Users\ramon\Documents\QA\Projects\Front\Robot com Python\robot\web\checkbox.robot">
<test id="s1-t1" name="Marcando opção com Xpath">
<kw name="Open Browser" library="SeleniumLibrary">
<arg>${url}</arg>
<arg>chrome</arg>
<doc>Opens a new browser instance to the optional ``url``.</doc>
<msg timestamp="20220125 08:22:20.836" level="INFO">Opening browser 'chrome' to base url 'http://training-wheels-protocol.herokuapp.com/'.</msg>
<status status="PASS" starttime="20220125 08:22:20.835" endtime="20220125 08:22:24.482"/>
</kw>
<kw name="Go To" library="SeleniumLibrary">
<arg>${url}/checkboxes</arg>
<doc>Navigates the current browser window to the provided ``url``.</doc>
<msg timestamp="20220125 08:22:24.483" level="INFO">Opening url 'http://training-wheels-protocol.herokuapp.com//checkboxes'</msg>
<status status="PASS" starttime="20220125 08:22:24.483" endtime="20220125 08:22:25.067"/>
</kw>
<kw name="Select Checkbox" library="SeleniumLibrary">
<arg>xpath://*[@id='checkboxes']/input[7]</arg>
<doc>Selects the checkbox identified by ``locator``.</doc>
<msg timestamp="20220125 08:22:25.067" level="INFO">Selecting checkbox 'xpath://*[@id='checkboxes']/input[7]'.</msg>
<status status="PASS" starttime="20220125 08:22:25.067" endtime="20220125 08:22:25.174"/>
</kw>
<kw name="Checkbox Should Be Selected" library="SeleniumLibrary">
<arg>xpath://*[@id='checkboxes']/input[7]</arg>
<doc>Verifies checkbox ``locator`` is selected/checked.</doc>
<msg timestamp="20220125 08:22:25.175" level="INFO">Verifying checkbox 'xpath://*[@id='checkboxes']/input[7]' is selected.</msg>
<status status="PASS" starttime="20220125 08:22:25.174" endtime="20220125 08:22:25.197"/>
</kw>
<kw name="Close Browser" library="SeleniumLibrary">
<doc>Closes the current browser.</doc>
<status status="PASS" starttime="20220125 08:22:25.198" endtime="20220125 08:22:27.282"/>
</kw>
<tag>ironmanXpath</tag>
<status status="PASS" starttime="20220125 08:22:20.834" endtime="20220125 08:22:27.284"/>
</test>
<status status="PASS" starttime="20220125 08:22:20.647" endtime="20220125 08:22:27.290"/>
</suite>
<statistics>
<total>
<stat pass="1" fail="0" skip="0">All Tests</stat>
</total>
<tag>
<stat pass="1" fail="0" skip="0">ironmanXpath</stat>
</tag>
<suite>
<stat pass="1" fail="0" skip="0" id="s1" name="Checkbox">Checkbox</stat>
</suite>
</statistics>
<errors>
</errors>
</robot>
