<?xml version="1.0" encoding="UTF-8"?>
<robot generator="Robot 4.1.3 (Python 3.8.1 on win32)" generated="20220124 21:00:14.757" rpa="false" schemaversion="2">
<suite id="s1" name="Title" source="C:\Users\ramon\Documents\QA\Projects\Front\Robot com Python\robot\web\title.robot">
<test id="s1-t1" name="Should See Page Title">
<kw name="Open Browser" library="SeleniumLibrary">
<arg>http://training-wheels-protocol.herokuapp.com/</arg>
<arg>chrome</arg>
<doc>Opens a new browser instance to the optional ``url``.</doc>
<msg timestamp="20220124 21:00:14.943" level="INFO">Opening browser 'chrome' to base url 'http://training-wheels-protocol.herokuapp.com/'.</msg>
<status status="PASS" starttime="20220124 21:00:14.943" endtime="20220124 21:00:25.475"/>
</kw>
<kw name="Title Should Be" library="SeleniumLibrary">
<arg>Training Wheels Protocol</arg>
<doc>Verifies that the current page title equals ``title``.</doc>
<msg timestamp="20220124 21:00:25.481" level="INFO">Page title is 'Training Wheels Protocol'.</msg>
<status status="PASS" starttime="20220124 21:00:25.476" endtime="20220124 21:00:25.482"/>
</kw>
<kw name="Close Browser" library="SeleniumLibrary">
<doc>Closes the current browser.</doc>
<status status="PASS" starttime="20220124 21:00:25.482" endtime="20220124 21:00:27.571"/>
</kw>
<status status="PASS" starttime="20220124 21:00:14.942" endtime="20220124 21:00:27.573"/>
</test>
<status status="PASS" starttime="20220124 21:00:14.758" endtime="20220124 21:00:27.577"/>
</suite>
<statistics>
<total>
<stat pass="1" fail="0" skip="0">All Tests</stat>
</total>
<tag>
</tag>
<suite>
<stat pass="1" fail="0" skip="0" id="s1" name="Title">Title</stat>
</suite>
</statistics>
<errors>
</errors>
</robot>
